C51 COMPILER V9.60.0.0   BEEP                                                              12/24/2021 12:27:58 PAGE 1   


C51 COMPILER V9.60.0.0, COMPILATION OF MODULE BEEP
OBJECT MODULE PLACED IN .\Objects\beep.obj
COMPILER INVOKED BY: D:\Keil5\MDK\C51\BIN\C51.EXE beep.c LARGE OPTIMIZE(8,SPEED) BROWSE DEBUG OBJECTEXTEND PRINT(.\Listi
                    -ngs\beep.lst) OBJECT(.\Objects\beep.obj)

line level    source

   1          #include "delay.h"
   2          #include <STC12C5A60S2.H>
   3          #include "intrins.h"
   4          #include "beep.h"
   5          #include "ds1302.h"
   6          #define uchar unsigned char
   7          #define uint unsigned int 
   8          extern bit mute_flag;
   9          void bee(uint times)
  10          {
  11   1              if(!mute_flag)
  12   1              {
  13   2              do{
  14   3                      P23=!P23;
  15   3                      delay50(5);
  16   3                      P23=!P23;
  17   3                      delay50(3);
  18   3                      times--;
  19   3                      }while(times != 0);
  20   2              }
  21   1      }
  22          
  23          void beep()
  24          {
  25   1              if(!mute_flag)
  26   1              {
  27   2                      P23=!P23;
  28   2                      delay50(1);
  29   2                      P23=!P23;
  30   2              }
  31   1      }
  32          
  33          void beeps(uint times)
  34          {
  35   1              if(!mute_flag)
  36   1              {
  37   2                      do{
  38   3                      P23=!P23;
  39   3                      delay50(1);
  40   3                      P23=!P23;
  41   3                      delay50(1);
  42   3      
  43   3                      times--;
  44   3                      }while(times != 0);
  45   2              }
  46   1      
  47   1      }
  48          
  49          


MODULE INFORMATION:   STATIC OVERLAYABLE
   CODE SIZE        =    117    ----
   CONSTANT SIZE    =   ----    ----
C51 COMPILER V9.60.0.0   BEEP                                                              12/24/2021 12:27:58 PAGE 2   

   XDATA SIZE       =   ----       4
   PDATA SIZE       =   ----    ----
   DATA SIZE        =   ----    ----
   IDATA SIZE       =   ----    ----
   BIT SIZE         =   ----    ----
END OF MODULE INFORMATION.


C51 COMPILATION COMPLETE.  0 WARNING(S),  0 ERROR(S)
