C51 COMPILER V9.60.0.0   DELAY                                                             12/24/2021 12:27:58 PAGE 1   


C51 COMPILER V9.60.0.0, COMPILATION OF MODULE DELAY
OBJECT MODULE PLACED IN .\Objects\delay.obj
COMPILER INVOKED BY: D:\Keil5\MDK\C51\BIN\C51.EXE delay.c LARGE OPTIMIZE(8,SPEED) BROWSE DEBUG OBJECTEXTEND PRINT(.\List
                    -ings\delay.lst) OBJECT(.\Objects\delay.obj)

line level    source

   1          #include <STC12C5A60S2.H>
   2          #include "intrins.h"
   3          #include "delay.h"
   4          #define uchar unsigned char
   5          #define uint unsigned int 
   6          
   7                  
   8          
   9          
  10          void delay1(uint t)             //@11.0592MHz
  11          {
  12   1              unsigned char i, j;
  13   1      
  14   1              _nop_();
  15   1              i = 11*t;
  16   1              j = 190;
  17   1              do
  18   1              {
  19   2                      while (--j);
  20   2              } while (--i);
  21   1      }
  22          void delay50(uint t)            //@11.0592MHz
  23          {
  24   1              unsigned char i, j, k;
  25   1      
  26   1              i = 3*t;
  27   1              j = 26;
  28   1              k = 223;
  29   1              do
  30   1              {
  31   2                      do
  32   2                      {
  33   3                              while (--k);
  34   3                      } while (--j);
  35   2              } while (--i);
  36   1      }
  37          
  38          
  39          void delay100(uint t)           //@11.0592MHz
  40          {
  41   1              unsigned char i, j, k;
  42   1      
  43   1              i = 5*t;
  44   1              j = 52;
  45   1              k = 195;
  46   1              do
  47   1              {
  48   2                      do
  49   2                      {
  50   3                              while (--k);
  51   3                      } while (--j);
  52   2              } while (--i);
  53   1      }
  54          
C51 COMPILER V9.60.0.0   DELAY                                                             12/24/2021 12:27:58 PAGE 2   

  55          void delay300(uint t)           //@11.0592MHz
  56          {
  57   1              unsigned char i, j, k;
  58   1      
  59   1              _nop_();
  60   1              i = 13*t;
  61   1              j = 156;
  62   1              k = 83;
  63   1              do
  64   1              {
  65   2                      do
  66   2                      {
  67   3                              while (--k);
  68   3                      } while (--j);
  69   2              } while (--i);
  70   1      }
  71          


MODULE INFORMATION:   STATIC OVERLAYABLE
   CODE SIZE        =     66    ----
   CONSTANT SIZE    =   ----    ----
   XDATA SIZE       =   ----    ----
   PDATA SIZE       =   ----    ----
   DATA SIZE        =   ----    ----
   IDATA SIZE       =   ----    ----
   BIT SIZE         =   ----    ----
END OF MODULE INFORMATION.


C51 COMPILATION COMPLETE.  0 WARNING(S),  0 ERROR(S)
