C51 COMPILER V9.60.0.0   IIC                                                               12/24/2021 12:27:58 PAGE 1   


C51 COMPILER V9.60.0.0, COMPILATION OF MODULE IIC
OBJECT MODULE PLACED IN .\Objects\IIC.obj
COMPILER INVOKED BY: D:\Keil5\MDK\C51\BIN\C51.EXE IIC.c LARGE OPTIMIZE(8,SPEED) BROWSE DEBUG OBJECTEXTEND PRINT(.\Listin
                    -gs\IIC.lst) OBJECT(.\Objects\IIC.obj)

line level    source

   1          #include "delay.h"
   2          #include <STC12C5A60S2.H>
   3          #include "intrins.h"
   4          #include "IIC.h"
   5          
   6          
   7          
   8          void IIC_start(void)
   9          {
  10   1              SDA=1;
  11   1              _nop_();
  12   1              SCL=1;
  13   1              _nop_();
  14   1      //        _nop_();
  15   1      //        _nop_();
  16   1      //        _nop_();
  17   1              _nop_();
  18   1              SDA=0;
  19   1              _nop_();
  20   1      //        _nop_();
  21   1      //        _nop_();
  22   1      //        _nop_();
  23   1      //        _nop_();
  24   1              SCL=0;
  25   1      }
  26          
  27          
  28          
  29          
  30          //********************************** IIC 串口写1个字节 ******************************************
  31          
  32          
  33          void IIC_writeByte(char temp)
  34          {
  35   1              
  36   1              
  37   1              
  38   1      
  39   1              
  40   1              
  41   1      
  42   1              char i;
  43   1              for(i=0;i<8;i++)
  44   1              {
  45   2                      SDA=(bit)(temp & 0x80) ;   // 根据规定1602的数据最高位必须为  1  
  46   2                      temp <<=1;
  47   2      //                _nop_();
  48   2      //                _nop_();
  49   2                      SCL=1;
  50   2      //                _nop_();
  51   2      //                _nop_();
  52   2      //                _nop_();
  53   2      //                _nop_();
  54   2      //                _nop_();
C51 COMPILER V9.60.0.0   IIC                                                               12/24/2021 12:27:58 PAGE 2   

  55   2                      SCL=0;
  56   2              }
  57   1      //        _nop_(); 
  58   1      //        _nop_();
  59   1      //        _nop_();
  60   1      //        _nop_();
  61   1              SDA=1;
  62   1      //        _nop_(); 
  63   1      //        _nop_(); 
  64   1      //        _nop_();
  65   1      //        _nop_();
  66   1              SCL=1; 
  67   1      //        _nop_();
  68   1      //        _nop_();
  69   1      //        _nop_();
  70   1              while(SDA);
  71   1      //        _nop_();
  72   1              SCL=0;
  73   1      }
  74          
  75          
  76          
  77          


MODULE INFORMATION:   STATIC OVERLAYABLE
   CODE SIZE        =     57    ----
   CONSTANT SIZE    =   ----    ----
   XDATA SIZE       =   ----    ----
   PDATA SIZE       =   ----    ----
   DATA SIZE        =   ----    ----
   IDATA SIZE       =   ----    ----
   BIT SIZE         =   ----    ----
END OF MODULE INFORMATION.


C51 COMPILATION COMPLETE.  0 WARNING(S),  0 ERROR(S)
