C51 COMPILER V9.60.0.0   INT0                                                              12/24/2021 12:27:59 PAGE 1   


C51 COMPILER V9.60.0.0, COMPILATION OF MODULE INT0
OBJECT MODULE PLACED IN .\Objects\int0.obj
COMPILER INVOKED BY: D:\Keil5\MDK\C51\BIN\C51.EXE int0.c LARGE OPTIMIZE(8,SPEED) BROWSE DEBUG OBJECTEXTEND PRINT(.\Listi
                    -ngs\int0.lst) OBJECT(.\Objects\int0.obj)

line level    source

   1          #include <STC12C5A60S2.H>
   2          #include "beep.h"
   3          
   4          void EXINT0() interrupt 0
   5          {
   6   1              bee(5);
   7   1      }
   8          
   9          
  10          void exint0_init()
  11          {
  12   1              IT0=0;
  13   1              EX0=1;
  14   1              ET0=1;
  15   1              EA=1;
  16   1              
  17   1      }


MODULE INFORMATION:   STATIC OVERLAYABLE
   CODE SIZE        =     72    ----
   CONSTANT SIZE    =   ----    ----
   XDATA SIZE       =   ----    ----
   PDATA SIZE       =   ----    ----
   DATA SIZE        =   ----    ----
   IDATA SIZE       =   ----    ----
   BIT SIZE         =   ----    ----
END OF MODULE INFORMATION.


C51 COMPILATION COMPLETE.  0 WARNING(S),  0 ERROR(S)
