C51 COMPILER V9.60.0.0   KEY                                                               12/24/2021 12:27:59 PAGE 1   


C51 COMPILER V9.60.0.0, COMPILATION OF MODULE KEY
OBJECT MODULE PLACED IN .\Objects\key.obj
COMPILER INVOKED BY: D:\Keil5\MDK\C51\BIN\C51.EXE key.c LARGE OPTIMIZE(8,SPEED) BROWSE DEBUG OBJECTEXTEND PRINT(.\Listin
                    -gs\key.lst) OBJECT(.\Objects\key.obj)

line level    source

   1          #include <STC12C5A60S2.H>
   2          #include "beep.h"
   3          #include "delay.h"
   4          #include "intrins.h"
   5          #include "uart.h"
   6          
   7          #include "1602.h"
   8          #include "BioSensor.h"
   9          #include "timer0.h"
  10          #define uchar unsigned char
  11          #define uint unsigned int
  12                  
  13          
  14          extern short lastkey;
  15          extern login;
  16          extern bit time_flag;
  17          extern bit homepage;
  18          sbit SCL=P2^6;
  19          sbit SDA=P2^7;
  20          
  21          
  22          
  23          uint Keyboard_Scan() 
  24                  {
  25   1          uchar key=0;
  26   1          uchar i;
  27   1          uint temp=0x0000;
  28   1          SDA=0;
  29   1          delay1(10);
  30   1          SDA=1;
  31   1          delay1(10);
  32   1                      for(i=0;i<16;i++) 
  33   1                      {
  34   2                              SCL=0;
  35   2                              _nop_();
  36   2                              _nop_();
  37   2                              SCL=1;
  38   2                              _nop_();
  39   2                              _nop_();
  40   2                              if(SDA==0) {
  41   3                                      temp|=(1<<i);
  42   3                              }   
  43   2                      }
  44   1                      for (i=0;i<16;i++) 
  45   1                      {
  46   2                              if ((temp & (1<<i)) > 0) {key=i+1;}
  47   2                      }
  48   1                      
  49   1      
  50   1                      
  51   1                      switch (key){
  52   2                              case 0x02:beep();lastkey=1;return 1;
  53   2                              case 0x03:beep();lastkey=2;return 2;
  54   2                              case 0x04:beep();lastkey=3;return 3;
C51 COMPILER V9.60.0.0   KEY                                                               12/24/2021 12:27:59 PAGE 2   

  55   2                              case 0x05:beep();lastkey=4;return 4;
  56   2                      
  57   2                              case 0x06:beep();lastkey=5;return 5;
  58   2                              case 0x07:beep();lastkey=6;return 6;
  59   2                              case 0x08:beep();lastkey=7;return 7;
  60   2                              case 0x09:beep();lastkey=8;return 8;
  61   2                      
  62   2                              case 0x0A:beep();lastkey=9;return 9;
  63   2                              case 0x0B:beep();lastkey=0;return 0;
  64   2                              case 0x0C:beep();lastkey=11;return 11; 
  65   2                              case 0x0D:beep();lastkey=12;return 12; 
  66   2                      
  67   2                              case 0x0E:beep();lastkey=13;return 13;  
  68   2                              case 0x0F:beep();lastkey=14;return 14;  
  69   2                              case 0x10:beep();lastkey=15;return 15;  
  70   2                              case 0x11:beep();lastkey=15;return 15;  
  71   2                              Default:{lastkey=-1;    return -1;}
  72   2                              
  73   2                      
  74   2                       }
  75   1      
  76   1      //def                                                   11&12:backspace  
  77   1      //                                                                      13&14:quit  
  78   1      //                                                                      15&16：enter
  79   1              
  80   1      }
*** WARNING C280 IN LINE 71 OF key.c: 'Default': unreferenced label
  81                  
  82          short waitkey(bit A)    //77按下  0~15键值  77手指  1：open
  83          {
  84   1      
  85   1              lastkey=-1;
  86   1              
  87   1              while(1)
  88   1              {
  89   2                      if(A && (finger_detect()==77))//返回77代表摁下
  90   2                      {
  91   3      
  92   3                              BIO_Find_Fingerprint();
  93   3      
  94   3      //                      
  95   3      //                      beeps(2);
  96   3      //                      date_update(0);
  97   3      //                      mainpage();
  98   3                              lastkey=-1;
  99   3                              return 77;
 100   3                      }
 101   2                      if(time_flag==1 && homepage==1 )
 102   2                      {
 103   3                              
 104   3                              date_update(0);
 105   3                              time_flag=0;
 106   3      
 107   3                      }
 108   2                      Keyboard_Scan();
 109   2                      if(lastkey!=-1)
 110   2                      {
 111   3                              
 112   3                              
 113   3                              return lastkey;
 114   3              
 115   3                      }
C51 COMPILER V9.60.0.0   KEY                                                               12/24/2021 12:27:59 PAGE 3   

 116   2      
 117   2              }
 118   1              
 119   1      }
*** WARNING C291 IN LINE 80 OF key.c: not every exit path returns a value


MODULE INFORMATION:   STATIC OVERLAYABLE
   CODE SIZE        =    495    ----
   CONSTANT SIZE    =   ----    ----
   XDATA SIZE       =   ----       3
   PDATA SIZE       =   ----    ----
   DATA SIZE        =   ----    ----
   IDATA SIZE       =   ----    ----
   BIT SIZE         =   ----       1
END OF MODULE INFORMATION.


C51 COMPILATION COMPLETE.  2 WARNING(S),  0 ERROR(S)
