C51 COMPILER V9.60.0.0   TIMER                                                             12/04/2021 13:58:19 PAGE 1   


C51 COMPILER V9.60.0.0, COMPILATION OF MODULE TIMER
OBJECT MODULE PLACED IN .\Objects\timer.obj
COMPILER INVOKED BY: D:\Keil5\MDK\C51\BIN\C51.EXE timer.c OPTIMIZE(8,SPEED) BROWSE DEBUG OBJECTEXTEND PRINT(.\Listings\t
                    -imer.lst) OBJECT(.\Objects\timer.obj)

line level    source

   1          #include <STC12C5A60S2.H>
   2          #include "timer.h"
   3          #include "key.h"
   4          #include "uart.h"
   5          #define uchar unsigned char
   6          #define uint unsigned int 
   7          
   8          #define MAIN_Fosc               11059200L       //宏定义主时钟HZ
   9          //#define MAIN_Fosc             12000000L
  10          
  11          #define MODE1T
  12          #ifdef MODE1T
  13          #define T1MS (65536-MAIN_Fosc/SetTime_us)//1T模式下 
  14          #else
              #define T1MS (65536-MAIN_Fosc/12/SetTime_us)//12T模式下 
              #endif
  17          
  18          
  19          
  20          extern int lastkey;
  21          uint counterT0=0;
  22          uint SetTime_us;
  23          
  24          
  25          void Timer0Init(uint time_us)
  26          {
  27   1      
  28   1              SetTime_us = time_us;
  29   1              
  30   1      #ifdef MODE1T
  31   1              AUXR |= 0x80;
  32   1              //定时器0速度是8051定时器的速度，即12分频
  33   1              //定时器0为1T模式
  34   1      #endif
  35   1              TMOD |= 0x01;//定时器0设置为定时方式，工作模式为16位自动重装模式
  36   1              TL0 = T1MS;             
  37   1              TH0 = T1MS >> 8;        
  38   1              TR0 = 1;                        //定时器0开始计时
  39   1              ET0 = 0;                        //使能定时器0的溢出中断允许位
  40   1              EA = 1;                                                 //使能总中断
  41   1      }
  42          
  43          
  44          
  45          
  46          
  47          void T0_ISR() interrupt 1 using 1
  48          {
  49   1              TL0 = T1MS;
  50   1              TH0 = T1MS >> 8;
  51   1      
  52   1              if(!counterT0)
  53   1              {
  54   2                      
C51 COMPILER V9.60.0.0   TIMER                                                             12/04/2021 13:58:19 PAGE 2   

  55   2              }
  56   1      
  57   1              //用户
  58   1      }


MODULE INFORMATION:   STATIC OVERLAYABLE
   CODE SIZE        =    173    ----
   CONSTANT SIZE    =   ----    ----
   XDATA SIZE       =   ----    ----
   PDATA SIZE       =   ----    ----
   DATA SIZE        =      4    ----
   IDATA SIZE       =   ----    ----
   BIT SIZE         =   ----    ----
END OF MODULE INFORMATION.


C51 COMPILATION COMPLETE.  0 WARNING(S),  0 ERROR(S)
