C51 COMPILER V9.60.0.0   UART                                                              12/24/2021 12:27:59 PAGE 1   


C51 COMPILER V9.60.0.0, COMPILATION OF MODULE UART
OBJECT MODULE PLACED IN .\Objects\uart.obj
COMPILER INVOKED BY: D:\Keil5\MDK\C51\BIN\C51.EXE uart.c LARGE OPTIMIZE(8,SPEED) BROWSE DEBUG OBJECTEXTEND PRINT(.\Listi
                    -ngs\uart.lst) OBJECT(.\Objects\uart.obj)

line level    source

   1          #include <STC12C5A60S2.H>
   2          #include "delay.h"
   3          #include "uart.h"
   4          #define uchar unsigned char
   5          #define uint unsigned int 
   6          
   7          
   8          
   9          
  10          
  11          
  12          
  13          
  14          void Uart_Init(void)
  15          {
  16   1      //      SCON = 0x50; /* 0101_0000，8位可变波特率，无奇偶校验位 */
  17   1      //    TMOD = 0x21; /* 0011_0001，设置定时器1为8位自动重装计数器 */
  18   1      //    TH1 = 0xFD; /* 设置定时器1自动重装数 */
  19   1      //    TL1 = 0xFD;
  20   1      
  21   1      //    ES = 1; /* 允许串口中断 */
  22   1      //    EA = 1; /* 开总中断 */
  23   1      //    TR1 = 1; /* 开定时器1 */
  24   1              PCON &= 0x7F;           //波特率不倍速
  25   1              SCON = 0x50;            //8位数据,可变波特率
  26   1              AUXR |= 0x04;           //定时器时钟1T模式
  27   1              BRT = 0xFA;             //设置定时重载值
  28   1              AUXR |= 0x01;           //串口1使用独立波特率发射器为波特率发生器
  29   1              AUXR |= 0x10;           //启动独立波特率发射器
  30   1              
  31   1          ES = 0; /* 允许串口中断 */
  32   1          EA = 1; /* 开总中断 */
  33   1              
  34   1              
  35   1      
  36   1      }
  37          
  38          
  39          void Send_Byte(unsigned char c)//UART Send a byte
  40          {
  41   1      
  42   1              SBUF = c;
  43   1              while(!TI);             //当TI为0时等待ti置1 发送完为1 
  44   1              TI = 0;
  45   1      
  46   1      }
  47          
  48          void Send_Str(uchar *str)
  49          {
  50   1      
  51   1      while(*str != '\0')
  52   1      {
  53   2              Send_Byte(*str);
  54   2              str++;
C51 COMPILER V9.60.0.0   UART                                                              12/24/2021 12:27:59 PAGE 2   

  55   2      }
  56   1      }
  57          
  58          
  59          
  60          
  61          uchar Uart_Receive_Byte()//UART Receive a byteg
  62          {       
  63   1              uchar buffer;
  64   1              while(!RI);      //接收完为1 
  65   1              
  66   1              buffer = SBUF;
  67   1      
  68   1              RI = 0;
  69   1              return (buffer);
  70   1      }


MODULE INFORMATION:   STATIC OVERLAYABLE
   CODE SIZE        =     58    ----
   CONSTANT SIZE    =   ----    ----
   XDATA SIZE       =   ----    ----
   PDATA SIZE       =   ----    ----
   DATA SIZE        =   ----    ----
   IDATA SIZE       =   ----    ----
   BIT SIZE         =   ----    ----
END OF MODULE INFORMATION.


C51 COMPILATION COMPLETE.  0 WARNING(S),  0 ERROR(S)
