C51 COMPILER V9.60.0.0   USER                                                              12/24/2021 12:27:59 PAGE 1   


C51 COMPILER V9.60.0.0, COMPILATION OF MODULE USER
OBJECT MODULE PLACED IN .\Objects\user.obj
COMPILER INVOKED BY: D:\Keil5\MDK\C51\BIN\C51.EXE user.c LARGE OPTIMIZE(8,SPEED) BROWSE DEBUG OBJECTEXTEND PRINT(.\Listi
                    -ngs\user.lst) OBJECT(.\Objects\user.obj)

line level    source

   1          
   2          #define uchar unsigned char
   3          #define uint unsigned int
   4          
   5          typedef struct {
   6          
   7                  uint Code[6];
   8          }User;
   9          
  10          //void userinit()
  11          //{
  12          
  13          
  14          
  15          //}


MODULE INFORMATION:   STATIC OVERLAYABLE
   CODE SIZE        =   ----    ----
   CONSTANT SIZE    =   ----    ----
   XDATA SIZE       =   ----    ----
   PDATA SIZE       =   ----    ----
   DATA SIZE        =   ----    ----
   IDATA SIZE       =   ----    ----
   BIT SIZE         =   ----    ----
END OF MODULE INFORMATION.


C51 COMPILATION COMPLETE.  0 WARNING(S),  0 ERROR(S)
