文件：8266.c       编译器版本 HGASM 0202 页次1


   1  0000              ; Generated by holtek-gcc v3.19, Sat Mar 26 18:07:02 2022
   2  0000              ; 
   3  0000              ; Configuration:
   4  0000              ;       with long instruction
   5  0000              ;       Multi-ROM, Multi-RAM
   6  0000              ;       bits_per_rom_unit:16
   7  0000              ;       with mp1
   8  0000              ;       with tbhp, address(0x9)
   9  0000              ;          Use tabrd-const
  10  0000              ;       
  11  0000              ; SFR address of long-instruction arch:
  12  0000              ;    mp0 = -1,1,0
  13  0000              ;    mp1 = 4,3,2
  14  0000              ;    mp2 = 14,13,12
  15  0000              ;    tbp = 9,7,8
  16  0000              ;    acc = 5
  17  0000              ;    pcl = 6
  18  0000              ;    status = 10
  19  0000              ;    bp = 11
  20  0000              ;    intc = 16
  21  0000              ;       
  22  0000              ;       
  23  0000              ; use 'tabrdc' instead of 'tabrd'
  24  0000              ;       
  25  0000              
  26  0000              #pragma translator "holtek-gcc 4.6.4" "3.19" "build 20130711"
  27  0000              ; Rebuild 718
  28  0000              
  29  0000              ir equ [2]
  30  0000              mp equ [3]
  31  0000              sbp equ [4]
  32  0000              acc equ [5]
  33  0000              bp equ [11]
  34  0000              tblp equ [7]
  35  0000              tbhp equ [9]
  36  0000              status equ [10]
  37  0000              c equ [10].0
  38  0000              ac equ [10].1
  39  0000              z equ [10].2
  40  0000              ov equ [10].3
  41  0000              cz equ [10].6
  42  0000              sc equ [10].7
  43  0000              intc equ [16]
  44  0000              mduwr0 equ [59h]
  45  0000              mduwr1 equ [5ah]
  46  0000              mduwr2 equ [5bh]
  47  0000              mduwr3 equ [5ch]
  48  0000              mduwr4 equ [5dh]
  49  0000              mduwr5 equ [5eh]
  50  0000              mduwrctrl equ [5fh]
  51  0000              
  52  0000              extern ra:byte
  53  0000              extern rb:byte
  54  0000              extern rc:byte
  55  0000              extern rd:byte
  56  0000              extern re:byte
  57  0000              extern rf:byte
  58  0000              extern rg:byte
  59  0000              extern rh:byte
文件：8266.ASM     编译器版本 HGASM 0202 页次2

  60  0000              extern _Crom2Prom:near
  61  0000              extern _Crom2PromNext:near
  62  0000              
  63  0000              RAMBANK 0 @BITDATASEC, @BITDATASEC1
  64  0000              @HCCINIT	.section 'data'
  65  0000              @HCCINIT0	.section 'data'
  66  0000              @BITDATASEC	 .section 'data'
  67  0000              @BITDATASEC1	 .section 'data'
  68  0000              
  69  0000              #pragma debug scope 1 1
  70  0000              	extern __DELAY3:near
  71  0000              	extern __DELAYX3:near
  72  0000              	extern __DELAYX6:near
  73  0000              	extern __DELAYY5:near
  74  0000              	extern __DELAYY3:near
  75  0000              	extern _builtin_holtek_delay_2:byte
  76  0000              ___pbs0 equ [335]
  77  0000              ___u2cr1 equ [268]
  78  0000              ___u2cr2 equ [269]
  79  0000              ___mfi5 equ [56]
  80  0000              ___brg2 equ [271]
  81  0000              ___intc3 equ [19]
  82  0000              ___intc0 equ [16]
  83  0000              public _esp8266_init
  84  0000              #pragma debug scope 2 1

   6  0000              #line 6 "E:\HT66\2019合泰杯线上讲课资料\HT8\HT66F2390UART例程_V1.1\HT66F2390_UART_1602\8266.c"
   6  0000              _esp8266_init .section 'code'
   6  0000              _esp8266_init proc
   7  0000              #line 7 "E:\HT66\2019合泰杯线上讲课资料\HT8\HT66F2390UART例程_V1.1\HT66F2390_UART_1602\8266.c"
   7  0000  0FF0        	mov a,240
   7  0001  85CF 0001   	lorm a,[335]
   8  0003              #line 8 "E:\HT66\2019合泰杯线上讲课资料\HT8\HT66F2390UART例程_V1.1\HT66F2390_UART_1602\8266.c"
   8  0003  0F80        	mov a,128
   8  0004  808C 0001   	lmov [268],a
   9  0006              #line 9 "E:\HT66\2019合泰杯线上讲课资料\HT8\HT66F2390UART例程_V1.1\HT66F2390_UART_1602\8266.c"
   9  0006  0FEC        	mov a,236
   9  0007  808D 0001   	lmov [269],a
  10  0009              #line 10 "E:\HT66\2019合泰杯线上讲课资料\HT8\HT66F2390UART例程_V1.1\HT66F2390_UART_1602\8266.c"
  10  0009  3138        	set [56].2
  12  000A              #line 12 "E:\HT66\2019合泰杯线上讲课资料\HT8\HT66F2390UART例程_V1.1\HT66F2390_UART_1602\8266.c"
  12  000A  0FCF        	mov a,207
  12  000B  808F 0001   	lmov [271],a
  13  000D              #line 13 "E:\HT66\2019合泰杯线上讲课资料\HT8\HT66F2390UART例程_V1.1\HT66F2390_UART_1602\8266.c"
  13  000D  3193        	set [19].3
  14  000E              #line 14 "E:\HT66\2019合泰杯线上讲课资料\HT8\HT66F2390UART例程_V1.1\HT66F2390_UART_1602\8266.c"
  14  000E  3010        	set [16].0
  14  000F  0003        	ret
  14  0010              _esp8266_init endp
  14  0010              #line 14 "E:\HT66\2019合泰杯线上讲课资料\HT8\HT66F2390UART例程_V1.1\HT66F2390_UART_1602\8266.c"
  14  0010              #pragma debug scope 1 1
  14  0010              ___txr_rxr2 equ [270]
  14  0010              ___u2sr equ [267]
  14  0010              public _send_char
  14  0010              #pragma debug scope 3 1
  17  0010              #line 17 "E:\HT66\2019合泰杯线上讲课资料\HT8\HT66F2390UART例程_V1.1\HT66F2390_UART_1602\8266.c"
  17  0000              _send_char .section 'code'
  17  0000              _send_char proc
  17  0000  00              local _send_char_2 db 1 dup(?)	; 0,1
  17  0000  0080     E  	mov ra,a
文件：8266.c       编译器版本 HGASM 0202 页次3

  17  0001  0080     R  	mov _send_char_2[0],a
  17  0002              #pragma debug variable 7 3 _send_char_2+0 "s"
  18  0002              #line 18 "E:\HT66\2019合泰杯线上讲课资料\HT8\HT66F2390UART例程_V1.1\HT66F2390_UART_1602\8266.c"
  18  0002  0700     E  	mov a,ra
  18  0003  808E 0001   	lmov [270],a
  18  0005              _L4:
  19  0005              #line 19 "E:\HT66\2019合泰杯线上讲课资料\HT8\HT66F2390UART例程_V1.1\HT66F2390_UART_1602\8266.c"
  19  0005  B88B 0001   	lsnz [267].1
  19  0007  2800     R  	jmp _L4
  19  0008  0003        	ret
  19  0009              _send_char endp
  19  0009              #line 19 "E:\HT66\2019合泰杯线上讲课资料\HT8\HT66F2390UART例程_V1.1\HT66F2390_UART_1602\8266.c"
  19  0009              #pragma debug scope 1 1
  19  0009              public _re_buff
  19  0009              #pragma debug scope 4 1
  22  0009              #line 22 "E:\HT66\2019合泰杯线上讲课资料\HT8\HT66F2390UART例程_V1.1\HT66F2390_UART_1602\8266.c"
  22  0000              _re_buff .section 'code'
  22  0000              _re_buff proc
  22  0000              public _re_buff_2
  22  0000  0003[           local _re_buff_2 db 3 dup(?)	; 3,0
            00
            ]
  22  0003              #pragma debug pointer 42 7 4
  22  0003              #pragma debug pointer 42 7 4
  22  0003              #pragma debug variable 42 4 _re_buff_2+0 "rbuff"
  22  0003              #pragma debug variable 7 4 _re_buff_2+2 "c"
  22  0000              _L8:
  25  0000              #line 25 "E:\HT66\2019合泰杯线上讲课资料\HT8\HT66F2390UART例程_V1.1\HT66F2390_UART_1602\8266.c"
  25  0000  B98B 0001   	lsnz [267].3
  25  0002  2800     R  	jmp _L8
  26  0003              #line 26 "E:\HT66\2019合泰杯线上讲课资料\HT8\HT66F2390UART例程_V1.1\HT66F2390_UART_1602\8266.c"
  26  0003  870E 0001   	lmov a,[270]
  26  0005  0080     E  	mov ra,a
  26  0006  0700     R  	mov a,_re_buff_2[0]
  26  0007  0080     E  	mov rb,a
  26  0008  0700     R  	mov a,_re_buff_2[1]
  26  0009  0080     E  	mov rc,a
  29  000A              #line 29 "E:\HT66\2019合泰杯线上讲课资料\HT8\HT66F2390UART例程_V1.1\HT66F2390_UART_1602\8266.c"
  29  000A  0700     E  	mov a,rb
  29  000B  0083        	mov mp,a
  29  000C  0700     E  	mov a,rc
  29  000D  0084        	mov sbp,a
  27  000E              #line 27 "E:\HT66\2019合泰杯线上讲课资料\HT8\HT66F2390UART例程_V1.1\HT66F2390_UART_1602\8266.c"
  27  000E  0700     E  	mov a,ra
  27  000F  0200     R  	sub a,_re_buff_2[2]
  27  0010  3D0A        	sz z
  27  0011  2800     R  	jmp _L9
  29  0012              #line 29 "E:\HT66\2019合泰杯线上讲课资料\HT8\HT66F2390UART例程_V1.1\HT66F2390_UART_1602\8266.c"
  29  0012  0700     E  	mov a,ra
  29  0013  0082        	mov ir,a
  39  0014              #line 39 "E:\HT66\2019合泰杯线上讲课资料\HT8\HT66F2390UART例程_V1.1\HT66F2390_UART_1602\8266.c"
  39  0014  0F01        	mov a,1
  39  0015  0080     E  	mov ra,a
  39  0016  1F00     E  	clr rb
  39  0017  2800     R  	jmp _L10
  39  0018              _L9:
  34  0018              #line 34 "E:\HT66\2019合泰杯线上讲课资料\HT8\HT66F2390UART例程_V1.1\HT66F2390_UART_1602\8266.c"
  34  0018  0F00        	mov a,0
  34  0019  0082        	mov ir,a
  37  001A              #line 37 "E:\HT66\2019合泰杯线上讲课资料\HT8\HT66F2390UART例程_V1.1\HT66F2390_UART_1602\8266.c"
文件：8266.c       编译器版本 HGASM 0202 页次4

  37  001A  1F00     E  	clr ra
  37  001B  1F00     E  	clr rb
  37  001C              _L10:
  37  001C  0003        	ret
  37  001D              _re_buff endp
  37  001D              #line 37 "E:\HT66\2019合泰杯线上讲课资料\HT8\HT66F2390UART例程_V1.1\HT66F2390_UART_1602\8266.c"
  37  001D              #pragma debug scope 1 1
  37  001D              public _ESP8266_SendCmd
  37  001D              #pragma debug scope 5 1
  42  001D              #line 42 "E:\HT66\2019合泰杯线上讲课资料\HT8\HT66F2390UART例程_V1.1\HT66F2390_UART_1602\8266.c"
  42  0000              _ESP8266_SendCmd .section 'code'
  42  0000              _ESP8266_SendCmd proc
  42  0000              public _ESP8266_SendCmd_2
  42  0000  0002[           local _ESP8266_SendCmd_2 db 2 dup(?)	; 2,0
            00
            ]
  42  0002              #pragma debug pointer 43 7 5
  42  0002              #pragma debug pointer 43 7 5
  42  0002              #pragma debug variable 43 5 _ESP8266_SendCmd_2+0 "pbuf"
  42  0000              _L12:
  43  0000              #line 43 "E:\HT66\2019合泰杯线上讲课资料\HT8\HT66F2390UART例程_V1.1\HT66F2390_UART_1602\8266.c"
  43  0000  0700     R  	mov a,_ESP8266_SendCmd_2[0]
  43  0001  0083        	mov mp,a
  43  0002  0700     R  	mov a,_ESP8266_SendCmd_2[1]
  43  0003  0084        	mov sbp,a
  43  0004              	fcall _Crom2Prom
  43  000B  0080     E  	mov ra,a
  43  000C  1E00     E  	snz ra
  43  000D  2800     R  	jmp _L14
  45  000E              #line 45 "E:\HT66\2019合泰杯线上讲课资料\HT8\HT66F2390UART例程_V1.1\HT66F2390_UART_1602\8266.c"
  45  000E  0700     E  	mov a,ra
  45  000F              	fcall _send_char
  46  0016              #line 46 "E:\HT66\2019合泰杯线上讲课资料\HT8\HT66F2390UART例程_V1.1\HT66F2390_UART_1602\8266.c"
  46  0016              ;# 46 "E:\HT66\2019合泰杯线上讲课资料\HT8\HT66F2390UART例程_V1.1\HT66F2390_UART_1602\8266.c" 1
  46  0016              	IF 10>263690
  46  0016              ;# 46 "E:\HT66\2019合泰杯线上讲课资料\HT8\HT66F2390UART例程_V1.1\HT66F2390_UART_1602\8266.c" 1
  46  0016              	ERRMESSAGE 'the value 10of the argument exceeds the maxinum 263690'
  46  0016              	ENDIF
  46  0016              ;# 46 "E:\HT66\2019合泰杯线上讲课资料\HT8\HT66F2390UART例程_V1.1\HT66F2390_UART_1602\8266.c" 1
  46  0016              	IF 10<0
  46  0016              ;# 46 "E:\HT66\2019合泰杯线上讲课资料\HT8\HT66F2390UART例程_V1.1\HT66F2390_UART_1602\8266.c" 1
  46  0016              	ERRMESSAGE 'the value 10 of the argument exceeds the mininum 0'
  46  0016              	ENDIF
  46  0016              ;# 46 "E:\HT66\2019合泰杯线上讲课资料\HT8\HT66F2390UART例程_V1.1\HT66F2390_UART_1602\8266.c" 1
  46  0016              	IF 10==0
  46  0016              ;# 46 "E:\HT66\2019合泰杯线上讲课资料\HT8\HT66F2390UART例程_V1.1\HT66F2390_UART_1602\8266.c" 1
  46  0016              	JMP $
  46  0016              	ENDIF
  46  0016              ;# 46 "E:\HT66\2019合泰杯线上讲课资料\HT8\HT66F2390UART例程_V1.1\HT66F2390_UART_1602\8266.c" 1
  46  0016              	IF (10>=1) AND (10<( 4 + __PBP__ * 2))
  46  0016              ;# 46 "E:\HT66\2019合泰杯线上讲课资料\HT8\HT66F2390UART例程_V1.1\HT66F2390_UART_1602\8266.c" 1
  46  0016              	NOP
  46  0016              	ENDIF
  46  0016              ;# 46 "E:\HT66\2019合泰杯线上讲课资料\HT8\HT66F2390UART例程_V1.1\HT66F2390_UART_1602\8266.c" 1
  46  0016              	IF (10>=2) AND (10<( 4 + __PBP__ * 2))
  46  0016              ;# 46 "E:\HT66\2019合泰杯线上讲课资料\HT8\HT66F2390UART例程_V1.1\HT66F2390_UART_1602\8266.c" 1
  46  0016              	NOP
  46  0016              	ENDIF
  46  0016              ;# 46 "E:\HT66\2019合泰杯线上讲课资料\HT8\HT66F2390UART例程_V1.1\HT66F2390_UART_1602\8266.c" 1
  46  0016              	IF (10>=3) AND (10<( 4 + __PBP__ * 2))
文件：8266.c       编译器版本 HGASM 0202 页次5

  46  0016              ;# 46 "E:\HT66\2019合泰杯线上讲课资料\HT8\HT66F2390UART例程_V1.1\HT66F2390_UART_1602\8266.c" 1
  46  0016              	NOP
  46  0016              	ENDIF
  46  0016              ;# 46 "E:\HT66\2019合泰杯线上讲课资料\HT8\HT66F2390UART例程_V1.1\HT66F2390_UART_1602\8266.c" 1
  46  0016              	IF (10>=4) AND (10<( 4 + __PBP__ * 2)) AND ( __PBP__ > 0 )
  46  0016              ;# 46 "E:\HT66\2019合泰杯线上讲课资料\HT8\HT66F2390UART例程_V1.1\HT66F2390_UART_1602\8266.c" 1
  46  0016              	NOP
  46  0016              	ENDIF
  46  0016              ;# 46 "E:\HT66\2019合泰杯线上讲课资料\HT8\HT66F2390UART例程_V1.1\HT66F2390_UART_1602\8266.c" 1
  46  0016              	IF (10>=5) AND (10<( 4 + __PBP__ * 2)) AND ( __PBP__ > 0 )
  46  0016              ;# 46 "E:\HT66\2019合泰杯线上讲课资料\HT8\HT66F2390UART例程_V1.1\HT66F2390_UART_1602\8266.c" 1
  46  0016              	NOP
  46  0016              	ENDIF
  46  0016              ;# 46 "E:\HT66\2019合泰杯线上讲课资料\HT8\HT66F2390UART例程_V1.1\HT66F2390_UART_1602\8266.c" 1
  46  0016              	IF (10>=6) AND (10<( 4 + __PBP__ * 2))  AND ( __PBP__ > 1 )
  46  0016              ;# 46 "E:\HT66\2019合泰杯线上讲课资料\HT8\HT66F2390UART例程_V1.1\HT66F2390_UART_1602\8266.c" 1
  46  0016              	NOP
  46  0016              	ENDIF
  46  0016              ;# 46 "E:\HT66\2019合泰杯线上讲课资料\HT8\HT66F2390UART例程_V1.1\HT66F2390_UART_1602\8266.c" 1
  46  0016              	IF (10>=7) AND (10<( 4 + __PBP__ * 2))  AND ( __PBP__ > 1 )
  46  0016              ;# 46 "E:\HT66\2019合泰杯线上讲课资料\HT8\HT66F2390UART例程_V1.1\HT66F2390_UART_1602\8266.c" 1
  46  0016              	NOP
  46  0016              	ENDIF
  46  0016              ;# 46 "E:\HT66\2019合泰杯线上讲课资料\HT8\HT66F2390UART例程_V1.1\HT66F2390_UART_1602\8266.c" 1
  46  0016              	IF (10>=8) AND (10<( 4 + __PBP__ * 2))  AND ( __PBP__ > 2 )
  46  0016              ;# 46 "E:\HT66\2019合泰杯线上讲课资料\HT8\HT66F2390UART例程_V1.1\HT66F2390_UART_1602\8266.c" 1
  46  0016              	NOP
  46  0016              	ENDIF
  46  0016              ;# 46 "E:\HT66\2019合泰杯线上讲课资料\HT8\HT66F2390UART例程_V1.1\HT66F2390_UART_1602\8266.c" 1
  46  0016              	IF (10==9)  AND ( __PBP__ > 2 )
  46  0016              ;# 46 "E:\HT66\2019合泰杯线上讲课资料\HT8\HT66F2390UART例程_V1.1\HT66F2390_UART_1602\8266.c" 1
  46  0016              	NOP
  46  0016              	ENDIF
  46  0016              ;# 46 "E:\HT66\2019合泰杯线上讲课资料\HT8\HT66F2390UART例程_V1.1\HT66F2390_UART_1602\8266.c" 1
  46  0016              	IF (10< ( 8 + __PBP__ * 2)) AND (10>( 3 + __PBP__ * 2))
  46  0016              ;# 46 "E:\HT66\2019合泰杯线上讲课资料\HT8\HT66F2390UART例程_V1.1\HT66F2390_UART_1602\8266.c" 1
  46  0016              	fcall __DELAY3 + ( 7 + __PBP__ * 2) -10
  46  001D              	ENDIF
  46  001D              ;# 46 "E:\HT66\2019合泰杯线上讲课资料\HT8\HT66F2390UART例程_V1.1\HT66F2390_UART_1602\8266.c" 1
  46  001D              	IF (10< ( 0404h + __PBP__ * 2)) AND (10>( 7 + __PBP__ * 2))
  46  001D              ;# 46 "E:\HT66\2019合泰杯线上讲课资料\HT8\HT66F2390UART例程_V1.1\HT66F2390_UART_1602\8266.c" 1
  46  001D              	MOV A,(10-( 4 + __PBP__ * 2))/4
  46  001D              ;# 46 "E:\HT66\2019合泰杯线上讲课资料\HT8\HT66F2390UART例程_V1.1\HT66F2390_UART_1602\8266.c" 1
  46  001D              	fcall __DELAYX3 + 3 -((10-( 4 + __PBP__ * 2)) MOD 4) 
  46  001D              	ENDIF
  46  001D              ;# 46 "E:\HT66\2019合泰杯线上讲课资料\HT8\HT66F2390UART例程_V1.1\HT66F2390_UART_1602\8266.c" 1
  46  001D              	IF (10< ( 040bh + __PBP__ * 2)) AND (10> ( 0403h + __PBP__ * 2))
  46  001D              ;# 46 "E:\HT66\2019合泰杯线上讲课资料\HT8\HT66F2390UART例程_V1.1\HT66F2390_UART_1602\8266.c" 1
  46  001D              	MOV A,0 
  46  001D              ;# 46 "E:\HT66\2019合泰杯线上讲课资料\HT8\HT66F2390UART例程_V1.1\HT66F2390_UART_1602\8266.c" 1
  46  001D              	fcall __DELAYX6 + ( 040ah + __PBP__ * 2) -10
  46  001D              	ENDIF
  46  001D              ;# 46 "E:\HT66\2019合泰杯线上讲课资料\HT8\HT66F2390UART例程_V1.1\HT66F2390_UART_1602\8266.c" 1
  46  001D              	IF (10 >= ( 040bh + __PBP__ * 2)) AND ((((10-( 9 + __PBP__ * 2))%0402h)/4+1)>256)
  46  001D              ;# 46 "E:\HT66\2019合泰杯线上讲课资料\HT8\HT66F2390UART例程_V1.1\HT66F2390_UART_1602\8266.c" 1
  46  001D              	MOV A,(10-( 9 + __PBP__ * 2))/0402h
  46  001D              ;# 46 "E:\HT66\2019合泰杯线上讲课资料\HT8\HT66F2390UART例程_V1.1\HT66F2390_UART_1602\8266.c" 1
  46  001D              	MOV _builtin_holtek_delay_2,A
  46  001D              ;# 46 "E:\HT66\2019合泰杯线上讲课资料\HT8\HT66F2390UART例程_V1.1\HT66F2390_UART_1602\8266.c" 1
  46  001D              	MOV A,0
文件：8266.c       编译器版本 HGASM 0202 页次6

  46  001D              ;# 46 "E:\HT66\2019合泰杯线上讲课资料\HT8\HT66F2390UART例程_V1.1\HT66F2390_UART_1602\8266.c" 1
  46  001D              	fcall __DELAYY5 +5- (((10-( 9 + __PBP__ * 2))%0402h)%6) 
  46  001D              	ENDIF
  46  001D              ;# 46 "E:\HT66\2019合泰杯线上讲课资料\HT8\HT66F2390UART例程_V1.1\HT66F2390_UART_1602\8266.c" 1
  46  001D              	IF (10 >= ( 040bh + __PBP__ * 2)) AND ((((10-( 9 + __PBP__ * 2))%0402h)/4+1)<=256)
  46  001D              ;# 46 "E:\HT66\2019合泰杯线上讲课资料\HT8\HT66F2390UART例程_V1.1\HT66F2390_UART_1602\8266.c" 1
  46  001D              	MOV A,(10-( 9 + __PBP__ * 2))/0402h
  46  001D              ;# 46 "E:\HT66\2019合泰杯线上讲课资料\HT8\HT66F2390UART例程_V1.1\HT66F2390_UART_1602\8266.c" 1
  46  001D              	MOV _builtin_holtek_delay_2,A
  46  001D              ;# 46 "E:\HT66\2019合泰杯线上讲课资料\HT8\HT66F2390UART例程_V1.1\HT66F2390_UART_1602\8266.c" 1
  46  001D              	MOV A,((10-( 9 + __PBP__ * 2))%0402h)/4+1
  46  001D              ;# 46 "E:\HT66\2019合泰杯线上讲课资料\HT8\HT66F2390UART例程_V1.1\HT66F2390_UART_1602\8266.c" 1
  46  001D              	fcall __DELAYY3 +3-(((10-( 9 + __PBP__ * 2))%0402h)%4) 
  46  001D              	ENDIF
  47  001D              #line 47 "E:\HT66\2019合泰杯线上讲课资料\HT8\HT66F2390UART例程_V1.1\HT66F2390_UART_1602\8266.c"
  47  001D  1480     R  	inc _ESP8266_SendCmd_2[0]
  47  001E  3D0A        	sz z
  47  001F  1480     R  	inc _ESP8266_SendCmd_2[1]
  47  0020  2800     R  	jmp _L12
  47  0021              _L14:
  49  0021              #line 49 "E:\HT66\2019合泰杯线上讲课资料\HT8\HT66F2390UART例程_V1.1\HT66F2390_UART_1602\8266.c"
  49  0021              ;# 49 "E:\HT66\2019合泰杯线上讲课资料\HT8\HT66F2390UART例程_V1.1\HT66F2390_UART_1602\8266.c" 1
  49  0021              	IF 100>263690
  49  0021              ;# 49 "E:\HT66\2019合泰杯线上讲课资料\HT8\HT66F2390UART例程_V1.1\HT66F2390_UART_1602\8266.c" 1
  49  0021              	ERRMESSAGE 'the value 100of the argument exceeds the maxinum 263690'
  49  0021              	ENDIF
  49  0021              ;# 49 "E:\HT66\2019合泰杯线上讲课资料\HT8\HT66F2390UART例程_V1.1\HT66F2390_UART_1602\8266.c" 1
  49  0021              	IF 100<0
  49  0021              ;# 49 "E:\HT66\2019合泰杯线上讲课资料\HT8\HT66F2390UART例程_V1.1\HT66F2390_UART_1602\8266.c" 1
  49  0021              	ERRMESSAGE 'the value 100 of the argument exceeds the mininum 0'
  49  0021              	ENDIF
  49  0021              ;# 49 "E:\HT66\2019合泰杯线上讲课资料\HT8\HT66F2390UART例程_V1.1\HT66F2390_UART_1602\8266.c" 1
  49  0021              	IF 100==0
  49  0021              ;# 49 "E:\HT66\2019合泰杯线上讲课资料\HT8\HT66F2390UART例程_V1.1\HT66F2390_UART_1602\8266.c" 1
  49  0021              	JMP $
  49  0021              	ENDIF
  49  0021              ;# 49 "E:\HT66\2019合泰杯线上讲课资料\HT8\HT66F2390UART例程_V1.1\HT66F2390_UART_1602\8266.c" 1
  49  0021              	IF (100>=1) AND (100<( 4 + __PBP__ * 2))
  49  0021              ;# 49 "E:\HT66\2019合泰杯线上讲课资料\HT8\HT66F2390UART例程_V1.1\HT66F2390_UART_1602\8266.c" 1
  49  0021              	NOP
  49  0021              	ENDIF
  49  0021              ;# 49 "E:\HT66\2019合泰杯线上讲课资料\HT8\HT66F2390UART例程_V1.1\HT66F2390_UART_1602\8266.c" 1
  49  0021              	IF (100>=2) AND (100<( 4 + __PBP__ * 2))
  49  0021              ;# 49 "E:\HT66\2019合泰杯线上讲课资料\HT8\HT66F2390UART例程_V1.1\HT66F2390_UART_1602\8266.c" 1
  49  0021              	NOP
  49  0021              	ENDIF
  49  0021              ;# 49 "E:\HT66\2019合泰杯线上讲课资料\HT8\HT66F2390UART例程_V1.1\HT66F2390_UART_1602\8266.c" 1
  49  0021              	IF (100>=3) AND (100<( 4 + __PBP__ * 2))
  49  0021              ;# 49 "E:\HT66\2019合泰杯线上讲课资料\HT8\HT66F2390UART例程_V1.1\HT66F2390_UART_1602\8266.c" 1
  49  0021              	NOP
  49  0021              	ENDIF
  49  0021              ;# 49 "E:\HT66\2019合泰杯线上讲课资料\HT8\HT66F2390UART例程_V1.1\HT66F2390_UART_1602\8266.c" 1
  49  0021              	IF (100>=4) AND (100<( 4 + __PBP__ * 2)) AND ( __PBP__ > 0 )
  49  0021              ;# 49 "E:\HT66\2019合泰杯线上讲课资料\HT8\HT66F2390UART例程_V1.1\HT66F2390_UART_1602\8266.c" 1
  49  0021              	NOP
  49  0021              	ENDIF
  49  0021              ;# 49 "E:\HT66\2019合泰杯线上讲课资料\HT8\HT66F2390UART例程_V1.1\HT66F2390_UART_1602\8266.c" 1
  49  0021              	IF (100>=5) AND (100<( 4 + __PBP__ * 2)) AND ( __PBP__ > 0 )
  49  0021              ;# 49 "E:\HT66\2019合泰杯线上讲课资料\HT8\HT66F2390UART例程_V1.1\HT66F2390_UART_1602\8266.c" 1
  49  0021              	NOP
文件：8266.c       编译器版本 HGASM 0202 页次7

  49  0021              	ENDIF
  49  0021              ;# 49 "E:\HT66\2019合泰杯线上讲课资料\HT8\HT66F2390UART例程_V1.1\HT66F2390_UART_1602\8266.c" 1
  49  0021              	IF (100>=6) AND (100<( 4 + __PBP__ * 2))  AND ( __PBP__ > 1 )
  49  0021              ;# 49 "E:\HT66\2019合泰杯线上讲课资料\HT8\HT66F2390UART例程_V1.1\HT66F2390_UART_1602\8266.c" 1
  49  0021              	NOP
  49  0021              	ENDIF
  49  0021              ;# 49 "E:\HT66\2019合泰杯线上讲课资料\HT8\HT66F2390UART例程_V1.1\HT66F2390_UART_1602\8266.c" 1
  49  0021              	IF (100>=7) AND (100<( 4 + __PBP__ * 2))  AND ( __PBP__ > 1 )
  49  0021              ;# 49 "E:\HT66\2019合泰杯线上讲课资料\HT8\HT66F2390UART例程_V1.1\HT66F2390_UART_1602\8266.c" 1
  49  0021              	NOP
  49  0021              	ENDIF
  49  0021              ;# 49 "E:\HT66\2019合泰杯线上讲课资料\HT8\HT66F2390UART例程_V1.1\HT66F2390_UART_1602\8266.c" 1
  49  0021              	IF (100>=8) AND (100<( 4 + __PBP__ * 2))  AND ( __PBP__ > 2 )
  49  0021              ;# 49 "E:\HT66\2019合泰杯线上讲课资料\HT8\HT66F2390UART例程_V1.1\HT66F2390_UART_1602\8266.c" 1
  49  0021              	NOP
  49  0021              	ENDIF
  49  0021              ;# 49 "E:\HT66\2019合泰杯线上讲课资料\HT8\HT66F2390UART例程_V1.1\HT66F2390_UART_1602\8266.c" 1
  49  0021              	IF (100==9)  AND ( __PBP__ > 2 )
  49  0021              ;# 49 "E:\HT66\2019合泰杯线上讲课资料\HT8\HT66F2390UART例程_V1.1\HT66F2390_UART_1602\8266.c" 1
  49  0021              	NOP
  49  0021              	ENDIF
  49  0021              ;# 49 "E:\HT66\2019合泰杯线上讲课资料\HT8\HT66F2390UART例程_V1.1\HT66F2390_UART_1602\8266.c" 1
  49  0021              	IF (100< ( 8 + __PBP__ * 2)) AND (100>( 3 + __PBP__ * 2))
  49  0021              ;# 49 "E:\HT66\2019合泰杯线上讲课资料\HT8\HT66F2390UART例程_V1.1\HT66F2390_UART_1602\8266.c" 1
  49  0021              	fcall __DELAY3 + ( 7 + __PBP__ * 2) -100
  49  0021              	ENDIF
  49  0021              ;# 49 "E:\HT66\2019合泰杯线上讲课资料\HT8\HT66F2390UART例程_V1.1\HT66F2390_UART_1602\8266.c" 1
  49  0021              	IF (100< ( 0404h + __PBP__ * 2)) AND (100>( 7 + __PBP__ * 2))
  49  0021              ;# 49 "E:\HT66\2019合泰杯线上讲课资料\HT8\HT66F2390UART例程_V1.1\HT66F2390_UART_1602\8266.c" 1
  49  0021  0F16        	MOV A,(100-( 4 + __PBP__ * 2))/4
  49  0022              ;# 49 "E:\HT66\2019合泰杯线上讲课资料\HT8\HT66F2390UART例程_V1.1\HT66F2390_UART_1602\8266.c" 1
  49  0022              	fcall __DELAYX3 + 3 -((100-( 4 + __PBP__ * 2)) MOD 4) 
  49  0029              	ENDIF
  49  0029              ;# 49 "E:\HT66\2019合泰杯线上讲课资料\HT8\HT66F2390UART例程_V1.1\HT66F2390_UART_1602\8266.c" 1
  49  0029              	IF (100< ( 040bh + __PBP__ * 2)) AND (100> ( 0403h + __PBP__ * 2))
  49  0029              ;# 49 "E:\HT66\2019合泰杯线上讲课资料\HT8\HT66F2390UART例程_V1.1\HT66F2390_UART_1602\8266.c" 1
  49  0029              	MOV A,0 
  49  0029              ;# 49 "E:\HT66\2019合泰杯线上讲课资料\HT8\HT66F2390UART例程_V1.1\HT66F2390_UART_1602\8266.c" 1
  49  0029              	fcall __DELAYX6 + ( 040ah + __PBP__ * 2) -100
  49  0029              	ENDIF
  49  0029              ;# 49 "E:\HT66\2019合泰杯线上讲课资料\HT8\HT66F2390UART例程_V1.1\HT66F2390_UART_1602\8266.c" 1
  49  0029              	IF (100 >= ( 040bh + __PBP__ * 2)) AND ((((100-( 9 + __PBP__ * 2))%0402h)/4+1)>256)
  49  0029              ;# 49 "E:\HT66\2019合泰杯线上讲课资料\HT8\HT66F2390UART例程_V1.1\HT66F2390_UART_1602\8266.c" 1
  49  0029              	MOV A,(100-( 9 + __PBP__ * 2))/0402h
  49  0029              ;# 49 "E:\HT66\2019合泰杯线上讲课资料\HT8\HT66F2390UART例程_V1.1\HT66F2390_UART_1602\8266.c" 1
  49  0029              	MOV _builtin_holtek_delay_2,A
  49  0029              ;# 49 "E:\HT66\2019合泰杯线上讲课资料\HT8\HT66F2390UART例程_V1.1\HT66F2390_UART_1602\8266.c" 1
  49  0029              	MOV A,0
  49  0029              ;# 49 "E:\HT66\2019合泰杯线上讲课资料\HT8\HT66F2390UART例程_V1.1\HT66F2390_UART_1602\8266.c" 1
  49  0029              	fcall __DELAYY5 +5- (((100-( 9 + __PBP__ * 2))%0402h)%6) 
  49  0029              	ENDIF
  49  0029              ;# 49 "E:\HT66\2019合泰杯线上讲课资料\HT8\HT66F2390UART例程_V1.1\HT66F2390_UART_1602\8266.c" 1
  49  0029              	IF (100 >= ( 040bh + __PBP__ * 2)) AND ((((100-( 9 + __PBP__ * 2))%0402h)/4+1)<=256)
  49  0029              ;# 49 "E:\HT66\2019合泰杯线上讲课资料\HT8\HT66F2390UART例程_V1.1\HT66F2390_UART_1602\8266.c" 1
  49  0029              	MOV A,(100-( 9 + __PBP__ * 2))/0402h
  49  0029              ;# 49 "E:\HT66\2019合泰杯线上讲课资料\HT8\HT66F2390UART例程_V1.1\HT66F2390_UART_1602\8266.c" 1
  49  0029              	MOV _builtin_holtek_delay_2,A
  49  0029              ;# 49 "E:\HT66\2019合泰杯线上讲课资料\HT8\HT66F2390UART例程_V1.1\HT66F2390_UART_1602\8266.c" 1
  49  0029              	MOV A,((100-( 9 + __PBP__ * 2))%0402h)/4+1
  49  0029              ;# 49 "E:\HT66\2019合泰杯线上讲课资料\HT8\HT66F2390UART例程_V1.1\HT66F2390_UART_1602\8266.c" 1
文件：8266.c       编译器版本 HGASM 0202 页次8

  49  0029              	fcall __DELAYY3 +3-(((100-( 9 + __PBP__ * 2))%0402h)%4) 
  49  0029              	ENDIF
  50  0029              #line 50 "E:\HT66\2019合泰杯线上讲课资料\HT8\HT66F2390UART例程_V1.1\HT66F2390_UART_1602\8266.c"
  50  0029  0F0D        	mov a,13
  50  002A              	fcall _send_char
  51  0031              #line 51 "E:\HT66\2019合泰杯线上讲课资料\HT8\HT66F2390UART例程_V1.1\HT66F2390_UART_1602\8266.c"
  51  0031              ;# 51 "E:\HT66\2019合泰杯线上讲课资料\HT8\HT66F2390UART例程_V1.1\HT66F2390_UART_1602\8266.c" 1
  51  0031              	IF 100>263690
  51  0031              ;# 51 "E:\HT66\2019合泰杯线上讲课资料\HT8\HT66F2390UART例程_V1.1\HT66F2390_UART_1602\8266.c" 1
  51  0031              	ERRMESSAGE 'the value 100of the argument exceeds the maxinum 263690'
  51  0031              	ENDIF
  51  0031              ;# 51 "E:\HT66\2019合泰杯线上讲课资料\HT8\HT66F2390UART例程_V1.1\HT66F2390_UART_1602\8266.c" 1
  51  0031              	IF 100<0
  51  0031              ;# 51 "E:\HT66\2019合泰杯线上讲课资料\HT8\HT66F2390UART例程_V1.1\HT66F2390_UART_1602\8266.c" 1
  51  0031              	ERRMESSAGE 'the value 100 of the argument exceeds the mininum 0'
  51  0031              	ENDIF
  51  0031              ;# 51 "E:\HT66\2019合泰杯线上讲课资料\HT8\HT66F2390UART例程_V1.1\HT66F2390_UART_1602\8266.c" 1
  51  0031              	IF 100==0
  51  0031              ;# 51 "E:\HT66\2019合泰杯线上讲课资料\HT8\HT66F2390UART例程_V1.1\HT66F2390_UART_1602\8266.c" 1
  51  0031              	JMP $
  51  0031              	ENDIF
  51  0031              ;# 51 "E:\HT66\2019合泰杯线上讲课资料\HT8\HT66F2390UART例程_V1.1\HT66F2390_UART_1602\8266.c" 1
  51  0031              	IF (100>=1) AND (100<( 4 + __PBP__ * 2))
  51  0031              ;# 51 "E:\HT66\2019合泰杯线上讲课资料\HT8\HT66F2390UART例程_V1.1\HT66F2390_UART_1602\8266.c" 1
  51  0031              	NOP
  51  0031              	ENDIF
  51  0031              ;# 51 "E:\HT66\2019合泰杯线上讲课资料\HT8\HT66F2390UART例程_V1.1\HT66F2390_UART_1602\8266.c" 1
  51  0031              	IF (100>=2) AND (100<( 4 + __PBP__ * 2))
  51  0031              ;# 51 "E:\HT66\2019合泰杯线上讲课资料\HT8\HT66F2390UART例程_V1.1\HT66F2390_UART_1602\8266.c" 1
  51  0031              	NOP
  51  0031              	ENDIF
  51  0031              ;# 51 "E:\HT66\2019合泰杯线上讲课资料\HT8\HT66F2390UART例程_V1.1\HT66F2390_UART_1602\8266.c" 1
  51  0031              	IF (100>=3) AND (100<( 4 + __PBP__ * 2))
  51  0031              ;# 51 "E:\HT66\2019合泰杯线上讲课资料\HT8\HT66F2390UART例程_V1.1\HT66F2390_UART_1602\8266.c" 1
  51  0031              	NOP
  51  0031              	ENDIF
  51  0031              ;# 51 "E:\HT66\2019合泰杯线上讲课资料\HT8\HT66F2390UART例程_V1.1\HT66F2390_UART_1602\8266.c" 1
  51  0031              	IF (100>=4) AND (100<( 4 + __PBP__ * 2)) AND ( __PBP__ > 0 )
  51  0031              ;# 51 "E:\HT66\2019合泰杯线上讲课资料\HT8\HT66F2390UART例程_V1.1\HT66F2390_UART_1602\8266.c" 1
  51  0031              	NOP
  51  0031              	ENDIF
  51  0031              ;# 51 "E:\HT66\2019合泰杯线上讲课资料\HT8\HT66F2390UART例程_V1.1\HT66F2390_UART_1602\8266.c" 1
  51  0031              	IF (100>=5) AND (100<( 4 + __PBP__ * 2)) AND ( __PBP__ > 0 )
  51  0031              ;# 51 "E:\HT66\2019合泰杯线上讲课资料\HT8\HT66F2390UART例程_V1.1\HT66F2390_UART_1602\8266.c" 1
  51  0031              	NOP
  51  0031              	ENDIF
  51  0031              ;# 51 "E:\HT66\2019合泰杯线上讲课资料\HT8\HT66F2390UART例程_V1.1\HT66F2390_UART_1602\8266.c" 1
  51  0031              	IF (100>=6) AND (100<( 4 + __PBP__ * 2))  AND ( __PBP__ > 1 )
  51  0031              ;# 51 "E:\HT66\2019合泰杯线上讲课资料\HT8\HT66F2390UART例程_V1.1\HT66F2390_UART_1602\8266.c" 1
  51  0031              	NOP
  51  0031              	ENDIF
  51  0031              ;# 51 "E:\HT66\2019合泰杯线上讲课资料\HT8\HT66F2390UART例程_V1.1\HT66F2390_UART_1602\8266.c" 1
  51  0031              	IF (100>=7) AND (100<( 4 + __PBP__ * 2))  AND ( __PBP__ > 1 )
  51  0031              ;# 51 "E:\HT66\2019合泰杯线上讲课资料\HT8\HT66F2390UART例程_V1.1\HT66F2390_UART_1602\8266.c" 1
  51  0031              	NOP
  51  0031              	ENDIF
  51  0031              ;# 51 "E:\HT66\2019合泰杯线上讲课资料\HT8\HT66F2390UART例程_V1.1\HT66F2390_UART_1602\8266.c" 1
  51  0031              	IF (100>=8) AND (100<( 4 + __PBP__ * 2))  AND ( __PBP__ > 2 )
  51  0031              ;# 51 "E:\HT66\2019合泰杯线上讲课资料\HT8\HT66F2390UART例程_V1.1\HT66F2390_UART_1602\8266.c" 1
  51  0031              	NOP
文件：8266.c       编译器版本 HGASM 0202 页次9

  51  0031              	ENDIF
  51  0031              ;# 51 "E:\HT66\2019合泰杯线上讲课资料\HT8\HT66F2390UART例程_V1.1\HT66F2390_UART_1602\8266.c" 1
  51  0031              	IF (100==9)  AND ( __PBP__ > 2 )
  51  0031              ;# 51 "E:\HT66\2019合泰杯线上讲课资料\HT8\HT66F2390UART例程_V1.1\HT66F2390_UART_1602\8266.c" 1
  51  0031              	NOP
  51  0031              	ENDIF
  51  0031              ;# 51 "E:\HT66\2019合泰杯线上讲课资料\HT8\HT66F2390UART例程_V1.1\HT66F2390_UART_1602\8266.c" 1
  51  0031              	IF (100< ( 8 + __PBP__ * 2)) AND (100>( 3 + __PBP__ * 2))
  51  0031              ;# 51 "E:\HT66\2019合泰杯线上讲课资料\HT8\HT66F2390UART例程_V1.1\HT66F2390_UART_1602\8266.c" 1
  51  0031              	fcall __DELAY3 + ( 7 + __PBP__ * 2) -100
  51  0031              	ENDIF
  51  0031              ;# 51 "E:\HT66\2019合泰杯线上讲课资料\HT8\HT66F2390UART例程_V1.1\HT66F2390_UART_1602\8266.c" 1
  51  0031              	IF (100< ( 0404h + __PBP__ * 2)) AND (100>( 7 + __PBP__ * 2))
  51  0031              ;# 51 "E:\HT66\2019合泰杯线上讲课资料\HT8\HT66F2390UART例程_V1.1\HT66F2390_UART_1602\8266.c" 1
  51  0031  0F16        	MOV A,(100-( 4 + __PBP__ * 2))/4
  51  0032              ;# 51 "E:\HT66\2019合泰杯线上讲课资料\HT8\HT66F2390UART例程_V1.1\HT66F2390_UART_1602\8266.c" 1
  51  0032              	fcall __DELAYX3 + 3 -((100-( 4 + __PBP__ * 2)) MOD 4) 
  51  0039              	ENDIF
  51  0039              ;# 51 "E:\HT66\2019合泰杯线上讲课资料\HT8\HT66F2390UART例程_V1.1\HT66F2390_UART_1602\8266.c" 1
  51  0039              	IF (100< ( 040bh + __PBP__ * 2)) AND (100> ( 0403h + __PBP__ * 2))
  51  0039              ;# 51 "E:\HT66\2019合泰杯线上讲课资料\HT8\HT66F2390UART例程_V1.1\HT66F2390_UART_1602\8266.c" 1
  51  0039              	MOV A,0 
  51  0039              ;# 51 "E:\HT66\2019合泰杯线上讲课资料\HT8\HT66F2390UART例程_V1.1\HT66F2390_UART_1602\8266.c" 1
  51  0039              	fcall __DELAYX6 + ( 040ah + __PBP__ * 2) -100
  51  0039              	ENDIF
  51  0039              ;# 51 "E:\HT66\2019合泰杯线上讲课资料\HT8\HT66F2390UART例程_V1.1\HT66F2390_UART_1602\8266.c" 1
  51  0039              	IF (100 >= ( 040bh + __PBP__ * 2)) AND ((((100-( 9 + __PBP__ * 2))%0402h)/4+1)>256)
  51  0039              ;# 51 "E:\HT66\2019合泰杯线上讲课资料\HT8\HT66F2390UART例程_V1.1\HT66F2390_UART_1602\8266.c" 1
  51  0039              	MOV A,(100-( 9 + __PBP__ * 2))/0402h
  51  0039              ;# 51 "E:\HT66\2019合泰杯线上讲课资料\HT8\HT66F2390UART例程_V1.1\HT66F2390_UART_1602\8266.c" 1
  51  0039              	MOV _builtin_holtek_delay_2,A
  51  0039              ;# 51 "E:\HT66\2019合泰杯线上讲课资料\HT8\HT66F2390UART例程_V1.1\HT66F2390_UART_1602\8266.c" 1
  51  0039              	MOV A,0
  51  0039              ;# 51 "E:\HT66\2019合泰杯线上讲课资料\HT8\HT66F2390UART例程_V1.1\HT66F2390_UART_1602\8266.c" 1
  51  0039              	fcall __DELAYY5 +5- (((100-( 9 + __PBP__ * 2))%0402h)%6) 
  51  0039              	ENDIF
  51  0039              ;# 51 "E:\HT66\2019合泰杯线上讲课资料\HT8\HT66F2390UART例程_V1.1\HT66F2390_UART_1602\8266.c" 1
  51  0039              	IF (100 >= ( 040bh + __PBP__ * 2)) AND ((((100-( 9 + __PBP__ * 2))%0402h)/4+1)<=256)
  51  0039              ;# 51 "E:\HT66\2019合泰杯线上讲课资料\HT8\HT66F2390UART例程_V1.1\HT66F2390_UART_1602\8266.c" 1
  51  0039              	MOV A,(100-( 9 + __PBP__ * 2))/0402h
  51  0039              ;# 51 "E:\HT66\2019合泰杯线上讲课资料\HT8\HT66F2390UART例程_V1.1\HT66F2390_UART_1602\8266.c" 1
  51  0039              	MOV _builtin_holtek_delay_2,A
  51  0039              ;# 51 "E:\HT66\2019合泰杯线上讲课资料\HT8\HT66F2390UART例程_V1.1\HT66F2390_UART_1602\8266.c" 1
  51  0039              	MOV A,((100-( 9 + __PBP__ * 2))%0402h)/4+1
  51  0039              ;# 51 "E:\HT66\2019合泰杯线上讲课资料\HT8\HT66F2390UART例程_V1.1\HT66F2390_UART_1602\8266.c" 1
  51  0039              	fcall __DELAYY3 +3-(((100-( 9 + __PBP__ * 2))%0402h)%4) 
  51  0039              	ENDIF
  52  0039              #line 52 "E:\HT66\2019合泰杯线上讲课资料\HT8\HT66F2390UART例程_V1.1\HT66F2390_UART_1602\8266.c"
  52  0039  0F0A        	mov a,10
  52  003A              	fcall _send_char
  53  0041              #line 53 "E:\HT66\2019合泰杯线上讲课资料\HT8\HT66F2390UART例程_V1.1\HT66F2390_UART_1602\8266.c"
  53  0041              ;# 53 "E:\HT66\2019合泰杯线上讲课资料\HT8\HT66F2390UART例程_V1.1\HT66F2390_UART_1602\8266.c" 1
  53  0041              	IF 1000>263690
  53  0041              ;# 53 "E:\HT66\2019合泰杯线上讲课资料\HT8\HT66F2390UART例程_V1.1\HT66F2390_UART_1602\8266.c" 1
  53  0041              	ERRMESSAGE 'the value 1000of the argument exceeds the maxinum 263690'
  53  0041              	ENDIF
  53  0041              ;# 53 "E:\HT66\2019合泰杯线上讲课资料\HT8\HT66F2390UART例程_V1.1\HT66F2390_UART_1602\8266.c" 1
  53  0041              	IF 1000<0
  53  0041              ;# 53 "E:\HT66\2019合泰杯线上讲课资料\HT8\HT66F2390UART例程_V1.1\HT66F2390_UART_1602\8266.c" 1
  53  0041              	ERRMESSAGE 'the value 1000 of the argument exceeds the mininum 0'
文件：8266.c       编译器版本 HGASM 0202 页次10

  53  0041              	ENDIF
  53  0041              ;# 53 "E:\HT66\2019合泰杯线上讲课资料\HT8\HT66F2390UART例程_V1.1\HT66F2390_UART_1602\8266.c" 1
  53  0041              	IF 1000==0
  53  0041              ;# 53 "E:\HT66\2019合泰杯线上讲课资料\HT8\HT66F2390UART例程_V1.1\HT66F2390_UART_1602\8266.c" 1
  53  0041              	JMP $
  53  0041              	ENDIF
  53  0041              ;# 53 "E:\HT66\2019合泰杯线上讲课资料\HT8\HT66F2390UART例程_V1.1\HT66F2390_UART_1602\8266.c" 1
  53  0041              	IF (1000>=1) AND (1000<( 4 + __PBP__ * 2))
  53  0041              ;# 53 "E:\HT66\2019合泰杯线上讲课资料\HT8\HT66F2390UART例程_V1.1\HT66F2390_UART_1602\8266.c" 1
  53  0041              	NOP
  53  0041              	ENDIF
  53  0041              ;# 53 "E:\HT66\2019合泰杯线上讲课资料\HT8\HT66F2390UART例程_V1.1\HT66F2390_UART_1602\8266.c" 1
  53  0041              	IF (1000>=2) AND (1000<( 4 + __PBP__ * 2))
  53  0041              ;# 53 "E:\HT66\2019合泰杯线上讲课资料\HT8\HT66F2390UART例程_V1.1\HT66F2390_UART_1602\8266.c" 1
  53  0041              	NOP
  53  0041              	ENDIF
  53  0041              ;# 53 "E:\HT66\2019合泰杯线上讲课资料\HT8\HT66F2390UART例程_V1.1\HT66F2390_UART_1602\8266.c" 1
  53  0041              	IF (1000>=3) AND (1000<( 4 + __PBP__ * 2))
  53  0041              ;# 53 "E:\HT66\2019合泰杯线上讲课资料\HT8\HT66F2390UART例程_V1.1\HT66F2390_UART_1602\8266.c" 1
  53  0041              	NOP
  53  0041              	ENDIF
  53  0041              ;# 53 "E:\HT66\2019合泰杯线上讲课资料\HT8\HT66F2390UART例程_V1.1\HT66F2390_UART_1602\8266.c" 1
  53  0041              	IF (1000>=4) AND (1000<( 4 + __PBP__ * 2)) AND ( __PBP__ > 0 )
  53  0041              ;# 53 "E:\HT66\2019合泰杯线上讲课资料\HT8\HT66F2390UART例程_V1.1\HT66F2390_UART_1602\8266.c" 1
  53  0041              	NOP
  53  0041              	ENDIF
  53  0041              ;# 53 "E:\HT66\2019合泰杯线上讲课资料\HT8\HT66F2390UART例程_V1.1\HT66F2390_UART_1602\8266.c" 1
  53  0041              	IF (1000>=5) AND (1000<( 4 + __PBP__ * 2)) AND ( __PBP__ > 0 )
  53  0041              ;# 53 "E:\HT66\2019合泰杯线上讲课资料\HT8\HT66F2390UART例程_V1.1\HT66F2390_UART_1602\8266.c" 1
  53  0041              	NOP
  53  0041              	ENDIF
  53  0041              ;# 53 "E:\HT66\2019合泰杯线上讲课资料\HT8\HT66F2390UART例程_V1.1\HT66F2390_UART_1602\8266.c" 1
  53  0041              	IF (1000>=6) AND (1000<( 4 + __PBP__ * 2))  AND ( __PBP__ > 1 )
  53  0041              ;# 53 "E:\HT66\2019合泰杯线上讲课资料\HT8\HT66F2390UART例程_V1.1\HT66F2390_UART_1602\8266.c" 1
  53  0041              	NOP
  53  0041              	ENDIF
  53  0041              ;# 53 "E:\HT66\2019合泰杯线上讲课资料\HT8\HT66F2390UART例程_V1.1\HT66F2390_UART_1602\8266.c" 1
  53  0041              	IF (1000>=7) AND (1000<( 4 + __PBP__ * 2))  AND ( __PBP__ > 1 )
  53  0041              ;# 53 "E:\HT66\2019合泰杯线上讲课资料\HT8\HT66F2390UART例程_V1.1\HT66F2390_UART_1602\8266.c" 1
  53  0041              	NOP
  53  0041              	ENDIF
  53  0041              ;# 53 "E:\HT66\2019合泰杯线上讲课资料\HT8\HT66F2390UART例程_V1.1\HT66F2390_UART_1602\8266.c" 1
  53  0041              	IF (1000>=8) AND (1000<( 4 + __PBP__ * 2))  AND ( __PBP__ > 2 )
  53  0041              ;# 53 "E:\HT66\2019合泰杯线上讲课资料\HT8\HT66F2390UART例程_V1.1\HT66F2390_UART_1602\8266.c" 1
  53  0041              	NOP
  53  0041              	ENDIF
  53  0041              ;# 53 "E:\HT66\2019合泰杯线上讲课资料\HT8\HT66F2390UART例程_V1.1\HT66F2390_UART_1602\8266.c" 1
  53  0041              	IF (1000==9)  AND ( __PBP__ > 2 )
  53  0041              ;# 53 "E:\HT66\2019合泰杯线上讲课资料\HT8\HT66F2390UART例程_V1.1\HT66F2390_UART_1602\8266.c" 1
  53  0041              	NOP
  53  0041              	ENDIF
  53  0041              ;# 53 "E:\HT66\2019合泰杯线上讲课资料\HT8\HT66F2390UART例程_V1.1\HT66F2390_UART_1602\8266.c" 1
  53  0041              	IF (1000< ( 8 + __PBP__ * 2)) AND (1000>( 3 + __PBP__ * 2))
  53  0041              ;# 53 "E:\HT66\2019合泰杯线上讲课资料\HT8\HT66F2390UART例程_V1.1\HT66F2390_UART_1602\8266.c" 1
  53  0041              	fcall __DELAY3 + ( 7 + __PBP__ * 2) -1000
  53  0041              	ENDIF
  53  0041              ;# 53 "E:\HT66\2019合泰杯线上讲课资料\HT8\HT66F2390UART例程_V1.1\HT66F2390_UART_1602\8266.c" 1
  53  0041              	IF (1000< ( 0404h + __PBP__ * 2)) AND (1000>( 7 + __PBP__ * 2))
  53  0041              ;# 53 "E:\HT66\2019合泰杯线上讲课资料\HT8\HT66F2390UART例程_V1.1\HT66F2390_UART_1602\8266.c" 1
  53  0041  0FF7        	MOV A,(1000-( 4 + __PBP__ * 2))/4
文件：8266.c       编译器版本 HGASM 0202 页次11

  53  0042              ;# 53 "E:\HT66\2019合泰杯线上讲课资料\HT8\HT66F2390UART例程_V1.1\HT66F2390_UART_1602\8266.c" 1
  53  0042              	fcall __DELAYX3 + 3 -((1000-( 4 + __PBP__ * 2)) MOD 4) 
  53  0049              	ENDIF
  53  0049              ;# 53 "E:\HT66\2019合泰杯线上讲课资料\HT8\HT66F2390UART例程_V1.1\HT66F2390_UART_1602\8266.c" 1
  53  0049              	IF (1000< ( 040bh + __PBP__ * 2)) AND (1000> ( 0403h + __PBP__ * 2))
  53  0049              ;# 53 "E:\HT66\2019合泰杯线上讲课资料\HT8\HT66F2390UART例程_V1.1\HT66F2390_UART_1602\8266.c" 1
  53  0049              	MOV A,0 
  53  0049              ;# 53 "E:\HT66\2019合泰杯线上讲课资料\HT8\HT66F2390UART例程_V1.1\HT66F2390_UART_1602\8266.c" 1
  53  0049              	fcall __DELAYX6 + ( 040ah + __PBP__ * 2) -1000
  53  0049              	ENDIF
  53  0049              ;# 53 "E:\HT66\2019合泰杯线上讲课资料\HT8\HT66F2390UART例程_V1.1\HT66F2390_UART_1602\8266.c" 1
  53  0049              	IF (1000 >= ( 040bh + __PBP__ * 2)) AND ((((1000-( 9 + __PBP__ * 2))%0402h)/4+1)>256)
  53  0049              ;# 53 "E:\HT66\2019合泰杯线上讲课资料\HT8\HT66F2390UART例程_V1.1\HT66F2390_UART_1602\8266.c" 1
  53  0049              	MOV A,(1000-( 9 + __PBP__ * 2))/0402h
  53  0049              ;# 53 "E:\HT66\2019合泰杯线上讲课资料\HT8\HT66F2390UART例程_V1.1\HT66F2390_UART_1602\8266.c" 1
  53  0049              	MOV _builtin_holtek_delay_2,A
  53  0049              ;# 53 "E:\HT66\2019合泰杯线上讲课资料\HT8\HT66F2390UART例程_V1.1\HT66F2390_UART_1602\8266.c" 1
  53  0049              	MOV A,0
  53  0049              ;# 53 "E:\HT66\2019合泰杯线上讲课资料\HT8\HT66F2390UART例程_V1.1\HT66F2390_UART_1602\8266.c" 1
  53  0049              	fcall __DELAYY5 +5- (((1000-( 9 + __PBP__ * 2))%0402h)%6) 
  53  0049              	ENDIF
  53  0049              ;# 53 "E:\HT66\2019合泰杯线上讲课资料\HT8\HT66F2390UART例程_V1.1\HT66F2390_UART_1602\8266.c" 1
  53  0049              	IF (1000 >= ( 040bh + __PBP__ * 2)) AND ((((1000-( 9 + __PBP__ * 2))%0402h)/4+1)<=256)
  53  0049              ;# 53 "E:\HT66\2019合泰杯线上讲课资料\HT8\HT66F2390UART例程_V1.1\HT66F2390_UART_1602\8266.c" 1
  53  0049              	MOV A,(1000-( 9 + __PBP__ * 2))/0402h
  53  0049              ;# 53 "E:\HT66\2019合泰杯线上讲课资料\HT8\HT66F2390UART例程_V1.1\HT66F2390_UART_1602\8266.c" 1
  53  0049              	MOV _builtin_holtek_delay_2,A
  53  0049              ;# 53 "E:\HT66\2019合泰杯线上讲课资料\HT8\HT66F2390UART例程_V1.1\HT66F2390_UART_1602\8266.c" 1
  53  0049              	MOV A,((1000-( 9 + __PBP__ * 2))%0402h)/4+1
  53  0049              ;# 53 "E:\HT66\2019合泰杯线上讲课资料\HT8\HT66F2390UART例程_V1.1\HT66F2390_UART_1602\8266.c" 1
  53  0049              	fcall __DELAYY3 +3-(((1000-( 9 + __PBP__ * 2))%0402h)%4) 
  53  0049              	ENDIF
  53  0049  0003        	ret
  53  004A              _ESP8266_SendCmd endp
  53  004A              #line 53 "E:\HT66\2019合泰杯线上讲课资料\HT8\HT66F2390UART例程_V1.1\HT66F2390_UART_1602\8266.c"
  53  004A              #pragma debug scope 1 1
  53  0000              @crom	.section 'crom'
  53  0000              _LC0:
  53  0000              	db 041h,054h,02bh,052h,053h,054h,00h
  53  0004              @crom	.section 'crom'
  53  0004              _LC1:
  53  0004              	db 041h,054h,02bh,043h,057h,04dh,04fh,044h,045h,03dh
  53  0009              	db 031h,00h
  53  000A              @crom	.section 'crom'
  53  000A              _LC2:
  53  000A              	db 041h,054h,02bh,043h,057h,04ah,041h,050h,03dh,022h
  53  000F              	db 07ah,06ah,06ah,022h,02ch,022h,031h,032h,033h,034h
  53  0014              	db 035h,036h,037h,038h,022h,00h
  53  0017              @crom	.section 'crom'
  53  0017              _LC3:
  53  0017              	db 041h,054h,02bh,043h,049h,050h,04dh,055h,058h,03dh
  53  001C              	db 031h,00h
  53  001D              @crom	.section 'crom'
  53  001D              _LC4:
  53  001D              	db 041h,054h,02bh,043h,049h,050h,053h,045h,052h,056h
  53  0022              	db 045h,052h,03dh,031h,02ch,038h,038h,039h,039h,00h
  53  0027              public _ESP8266_ModeInit
  53  0027              #pragma debug scope 6 1
  57  0027              #line 57 "E:\HT66\2019合泰杯线上讲课资料\HT8\HT66F2390UART例程_V1.1\HT66F2390_UART_1602\8266.c"
  57  0000              _ESP8266_ModeInit .section 'code'
文件：8266.c       编译器版本 HGASM 0202 页次12

  57  0000              _ESP8266_ModeInit proc
  58  0000              #line 58 "E:\HT66\2019合泰杯线上讲课资料\HT8\HT66F2390UART例程_V1.1\HT66F2390_UART_1602\8266.c"
  58  0000  0F00     R  	mov a,low offset _LC0
  58  0001  0080     R  	mov _ESP8266_SendCmd_2[0],a
  58  0002  0F00     R  	mov a,high offset _LC0
  58  0003  0080     R  	mov _ESP8266_SendCmd_2[1],a
  58  0004              	fcall _ESP8266_SendCmd
  59  000B              #line 59 "E:\HT66\2019合泰杯线上讲课资料\HT8\HT66F2390UART例程_V1.1\HT66F2390_UART_1602\8266.c"
  59  000B  0FE8        	mov a,-24
  59  000C  0080     E  	mov _delay_ms_2[0],a
  59  000D  0F03        	mov a,3
  59  000E  0080     E  	mov _delay_ms_2[1],a
  59  000F              	fcall _delay_ms
  60  0016              #line 60 "E:\HT66\2019合泰杯线上讲课资料\HT8\HT66F2390UART例程_V1.1\HT66F2390_UART_1602\8266.c"
  60  0016  0F00     R  	mov a,low offset _LC1
  60  0017  0080     R  	mov _ESP8266_SendCmd_2[0],a
  60  0018  0F00     R  	mov a,high offset _LC1
  60  0019  0080     R  	mov _ESP8266_SendCmd_2[1],a
  60  001A              	fcall _ESP8266_SendCmd
  61  0021              #line 61 "E:\HT66\2019合泰杯线上讲课资料\HT8\HT66F2390UART例程_V1.1\HT66F2390_UART_1602\8266.c"
  61  0021  0FE8        	mov a,-24
  61  0022  0080     E  	mov _delay_ms_2[0],a
  61  0023  0F03        	mov a,3
  61  0024  0080     E  	mov _delay_ms_2[1],a
  61  0025              	fcall _delay_ms
  62  002C              #line 62 "E:\HT66\2019合泰杯线上讲课资料\HT8\HT66F2390UART例程_V1.1\HT66F2390_UART_1602\8266.c"
  62  002C  0F00     R  	mov a,low offset _LC2
  62  002D  0080     R  	mov _ESP8266_SendCmd_2[0],a
  62  002E  0F00     R  	mov a,high offset _LC2
  62  002F  0080     R  	mov _ESP8266_SendCmd_2[1],a
  62  0030              	fcall _ESP8266_SendCmd
  63  0037              #line 63 "E:\HT66\2019合泰杯线上讲课资料\HT8\HT66F2390UART例程_V1.1\HT66F2390_UART_1602\8266.c"
  63  0037  0F10        	mov a,16
  63  0038  0080     E  	mov _delay_ms_2[0],a
  63  0039  0F27        	mov a,39
  63  003A  0080     E  	mov _delay_ms_2[1],a
  63  003B              	fcall _delay_ms
  65  0042              #line 65 "E:\HT66\2019合泰杯线上讲课资料\HT8\HT66F2390UART例程_V1.1\HT66F2390_UART_1602\8266.c"
  65  0042  0F00     R  	mov a,low offset _LC3
  65  0043  0080     R  	mov _ESP8266_SendCmd_2[0],a
  65  0044  0F00     R  	mov a,high offset _LC3
  65  0045  0080     R  	mov _ESP8266_SendCmd_2[1],a
  65  0046              	fcall _ESP8266_SendCmd
  66  004D              #line 66 "E:\HT66\2019合泰杯线上讲课资料\HT8\HT66F2390UART例程_V1.1\HT66F2390_UART_1602\8266.c"
  66  004D  0FE8        	mov a,-24
  66  004E  0080     E  	mov _delay_ms_2[0],a
  66  004F  0F03        	mov a,3
  66  0050  0080     E  	mov _delay_ms_2[1],a
  66  0051              	fcall _delay_ms
  67  0058              #line 67 "E:\HT66\2019合泰杯线上讲课资料\HT8\HT66F2390UART例程_V1.1\HT66F2390_UART_1602\8266.c"
  67  0058  0F00     R  	mov a,low offset _LC4
  67  0059  0080     R  	mov _ESP8266_SendCmd_2[0],a
  67  005A  0F00     R  	mov a,high offset _LC4
  67  005B  0080     R  	mov _ESP8266_SendCmd_2[1],a
  67  005C              	fcall _ESP8266_SendCmd
  68  0063              #line 68 "E:\HT66\2019合泰杯线上讲课资料\HT8\HT66F2390UART例程_V1.1\HT66F2390_UART_1602\8266.c"
  68  0063  0FE8        	mov a,-24
  68  0064  0080     E  	mov _delay_ms_2[0],a
  68  0065  0F03        	mov a,3
  68  0066  0080     E  	mov _delay_ms_2[1],a
文件：8266.c       编译器版本 HGASM 0202 页次13

  68  0067              	fcall _delay_ms
  68  006E  0003        	ret
  68  006F              _ESP8266_ModeInit endp
  68  006F              #line 68 "E:\HT66\2019合泰杯线上讲课资料\HT8\HT66F2390UART例程_V1.1\HT66F2390_UART_1602\8266.c"
  68  006F              #pragma debug scope 1 1
  68  006F              #pragma debug struct_end
  68  006F              #pragma debug struct_end
  68  006F              #pragma debug union_end
  68  006F              #pragma debug union_end
  68  006F              #pragma debug variable 45 1 ___intc0 "__intc0" 1
  68  006F              #pragma debug struct_end
  68  006F              #pragma debug struct_end
  68  006F              #pragma debug union_end
  68  006F              #pragma debug union_end
  68  006F              #pragma debug variable 47 1 ___intc3 "__intc3" 1
  68  006F              #pragma debug struct_end
  68  006F              #pragma debug struct_end
  68  006F              #pragma debug union_end
  68  006F              #pragma debug union_end
  68  006F              #pragma debug variable 49 1 ___mfi5 "__mfi5" 1
  68  006F              #pragma debug struct_end
  68  006F              #pragma debug struct_end
  68  006F              #pragma debug union_end
  68  006F              #pragma debug union_end
  68  006F              #pragma debug variable 51 1 ___u2sr "__u2sr" 1
  68  006F              #pragma debug struct_end
  68  006F              #pragma debug struct_end
  68  006F              #pragma debug union_end
  68  006F              #pragma debug union_end
  68  006F              #pragma debug variable 53 1 ___u2cr1 "__u2cr1" 1
  68  006F              #pragma debug struct_end
  68  006F              #pragma debug struct_end
  68  006F              #pragma debug union_end
  68  006F              #pragma debug union_end
  68  006F              #pragma debug variable 55 1 ___u2cr2 "__u2cr2" 1
  68  006F              #pragma debug variable 8 1 ___txr_rxr2 "__txr_rxr2" 1
  68  006F              #pragma debug variable 8 1 ___brg2 "__brg2" 1
  68  006F              #pragma debug struct_end
  68  006F              #pragma debug struct_end
  68  006F              #pragma debug union_end
  68  006F              #pragma debug union_end
  68  006F              #pragma debug variable 57 1 ___pbs0 "__pbs0" 1
  68  006F              extern _delay_ms_2:byte
  68  006F              extern _delay_ms:near
  68  006F              
  68  006F              ; 
  68  006F              ; Generated by holtek-gcc v3.19, Sat Mar 26 18:07:02 2022
  68  006F              ; Rebuild 718
  68  006F              ; end of file


        0 Errors, 0